2016/11/29 16:56:25 にビルドを開始しました。
     1>ノード 2 上のプロジェクト "C:\Users\p_info\Desktop\C++\ribo pay\ribo pay\ribo pay.vcxproj" (build ターゲット)。
     1>InitializeBuildStatus:
         "AlwaysCreate" が指定されたため "Debug\ribo pay.unsuccessfulbuild" を作成しています。
       ClCompile:
         C:\Program Files\Microsoft Visual Studio 10.0\VC\bin\CL.exe /c /ZI /nologo /W3 /WX- /Od /Oy- /D WIN32 /D _DEBUG /D _CONSOLE /D _UNICODE /D UNICODE /Gm /EHsc /RTC1 /MDd /GS /fp:precise /Zc:wchar_t /Zc:forScope /Fo"Debug\\" /Fd"Debug\vc100.pdb" /Gd /TP /analyze- /errorReport:prompt "ribo pay.cpp"
         ribo pay.cpp
     1>c:\users\p_info\desktop\c++\ribo pay\ribo pay\ribo pay.cpp(7): warning C4996: 'scanf': This function or variable may be unsafe. Consider using scanf_s instead. To disable deprecation, use _CRT_SECURE_NO_WARNINGS. See online help for details.
                 c:\program files\microsoft visual studio 10.0\vc\include\stdio.h(304) : 'scanf' の宣言を確認してください。
     1>c:\users\p_info\desktop\c++\ribo pay\ribo pay\ribo pay.cpp(16): warning C4996: 'scanf': This function or variable may be unsafe. Consider using scanf_s instead. To disable deprecation, use _CRT_SECURE_NO_WARNINGS. See online help for details.
                 c:\program files\microsoft visual studio 10.0\vc\include\stdio.h(304) : 'scanf' の宣言を確認してください。
     1>c:\users\p_info\desktop\c++\ribo pay\ribo pay\ribo pay.cpp(20): warning C4996: 'scanf': This function or variable may be unsafe. Consider using scanf_s instead. To disable deprecation, use _CRT_SECURE_NO_WARNINGS. See online help for details.
                 c:\program files\microsoft visual studio 10.0\vc\include\stdio.h(304) : 'scanf' の宣言を確認してください。
     1>c:\users\p_info\desktop\c++\ribo pay\ribo pay\ribo pay.cpp(44): warning C4244: '=' : 'double' から 'int' への変換です。データが失われる可能性があります。
       ManifestResourceCompile:
         すべての出力が最新のものです。
       Link:
         C:\Program Files\Microsoft Visual Studio 10.0\VC\bin\link.exe /ERRORREPORT:PROMPT /OUT:"C:\Users\p_info\Desktop\C++\ribo pay\Debug\ribo pay.exe" /INCREMENTAL /NOLOGO kernel32.lib user32.lib gdi32.lib winspool.lib comdlg32.lib advapi32.lib shell32.lib ole32.lib oleaut32.lib uuid.lib odbc32.lib odbccp32.lib /MANIFEST /ManifestFile:"Debug\ribo pay.exe.intermediate.manifest" /MANIFESTUAC:"level='asInvoker' uiAccess='false'" /DEBUG /PDB:"C:\Users\p_info\Desktop\C++\ribo pay\Debug\ribo pay.pdb" /SUBSYSTEM:CONSOLE /TLBID:1 /DYNAMICBASE /NXCOMPAT /IMPLIB:"C:\Users\p_info\Desktop\C++\ribo pay\Debug\ribo pay.lib" /MACHINE:X86 "Debug\ribo pay.exe.embed.manifest.res"
         "Debug\ribo pay.obj"
         Debug\stdafx.obj
       Manifest:
         C:\Program Files\Microsoft SDKs\Windows\v7.0A\bin\mt.exe /nologo /verbose /out:"Debug\ribo pay.exe.embed.manifest" /manifest "Debug\ribo pay.exe.intermediate.manifest"
         すべての出力が最新のものです。
       LinkEmbedManifest:
         すべての出力が最新のものです。
         ribo pay.vcxproj -> C:\Users\p_info\Desktop\C++\ribo pay\Debug\ribo pay.exe
       FinalizeBuildStatus:
         ファイル "Debug\ribo pay.unsuccessfulbuild" を削除しています。
         "Debug\ribo pay.lastbuildstate" のタッチ タスクを実行しています。
     1>プロジェクト "C:\Users\p_info\Desktop\C++\ribo pay\ribo pay\ribo pay.vcxproj" (build ターゲット) のビルドが完了しました。

ビルドに成功しました。

経過時間 00:00:01.12
